<?xml version="1.0" encoding="UTF-8"?>
<testsuite xmlns:xsi="http://www.w3.org/2001/XMLSchema-instance" xsi:noNamespaceSchemaLocation="https://maven.apache.org/surefire/maven-surefire-plugin/xsd/surefire-test-report-3.0.xsd" version="3.0" name="com.academic.util.PasswordUtilTest" time="0.019" tests="8" errors="0" skipped="0" failures="0">
  <properties>
[...]
</properties>
  <testcase name="testKnownHashValue" classname="com.academic.util.PasswordUtilTest" time="0.003"/>
  <testcase name="testVerifyPasswordCorrect" classname="com.academic.util.PasswordUtilTest" time="0.002"/>
  <testcase name="testHashPasswordConsistency" classname="com.academic.util.PasswordUtilTest" time="0.001"/>
  <testcase name="testEmptyStringHash" classname="com.academic.util.PasswordUtilTest" time="0.001"/>
  <testcase name="testHashPasswordNotPlaintext" classname="com.academic.util.PasswordUtilTest" time="0.003"/>
  <testcase name="testVerifyPasswordIncorrect" classname="com.academic.util.PasswordUtilTest" time="0.001"/>
  <testcase name="testHashPasswordLength" classname="com.academic.util.PasswordUtilTest" time="0.001"/>
  <testcase name="testHashPasswordDifferentInputs" classname="com.academic.util.PasswordUtilTest" time="0.001"/>
</testsuite>