<?xml version="1.0" encoding="UTF-8"?>
<testsuite xmlns:xsi="http://www.w3.org/2001/XMLSchema-instance" xsi:noNamespaceSchemaLocation="https://maven.apache.org/surefire/maven-surefire-plugin/xsd/surefire-test-report-3.0.xsd" version="3.0" name="com.academic.service.CourseServiceTest" time="0.021" tests="3" errors="0" skipped="0" failures="0">
  <properties>
[...]
</properties>
  <testcase name="testUpdateCourseValidationAndSuccess" classname="com.academic.service.CourseServiceTest" time="0.006">
    <system-out><![CDATA[2026-03-31 12:45:37.374 [main] INFO  com.academic.dao.DatabaseManager - Initializing DatabaseManager with custom URL: jdbc:sqlite::memory:
2026-03-31 12:45:37.375 [main] INFO  com.academic.dao.DatabaseManager - Database connection established (test mode)
2026-03-31 12:45:37.375 [main] DEBUG com.academic.dao.DatabaseManager - Starting database transaction
2026-03-31 12:45:37.376 [main] INFO  com.academic.dao.DatabaseManager - Current database schema version: 0
2026-03-31 12:45:37.376 [main] INFO  com.academic.dao.DatabaseManager - Applying migration v1: Create core tables
2026-03-31 12:45:37.378 [main] INFO  com.academic.dao.DatabaseManager - Migration v1 completed successfully
2026-03-31 12:45:37.379 [main] INFO  com.academic.dao.DatabaseManager - Applying migration v2: Add reliability indexes
2026-03-31 12:45:37.379 [main] INFO  com.academic.dao.DatabaseManager - Migration v2 completed successfully
2026-03-31 12:45:37.380 [main] DEBUG com.academic.dao.DatabaseManager - Transaction committed successfully
2026-03-31 12:45:37.380 [main] INFO  com.academic.dao.DatabaseManager - Database schema initialized successfully (test mode)
]]></system-out>
  </testcase>
  <testcase name="testAddCourseSuccessAndDuplicateCodeFailure" classname="com.academic.service.CourseServiceTest" time="0.002">
    <system-err><![CDATA[Error creating course: [SQLITE_CONSTRAINT_UNIQUE] A UNIQUE constraint failed (UNIQUE constraint failed: courses.course_code)
]]></system-err>
  </testcase>
  <testcase name="testAddCourseRejectsInvalidCode" classname="com.academic.service.CourseServiceTest" time="0.002"/>
</testsuite>